#
# There is insufficient memory for the Java Runtime Environment to continue.
# Native memory allocation (mmap) failed to map 268435456 bytes for G1 virtual space
# Possible reasons:
#   The system is out of physical RAM or swap space
#   The process is running with CompressedOops enabled, and the Java Heap may be blocking the growth of the native heap
# Possible solutions:
#   Reduce memory load on the system
#   Increase physical memory or swap space
#   Check if swap backing store is full
#   Decrease Java heap size (-Xmx/-Xms)
#   Decrease number of Java threads
#   Decrease Java thread stack sizes (-Xss)
#   Set larger code cache with -XX:ReservedCodeCacheSize=
#   JVM is running with Zero Based Compressed Oops mode in which the Java heap is
#     placed in the first 32GB address space. The Java Heap base address is the
#     maximum limit for the native heap growth. Please use -XX:HeapBaseMinAddress
#     to set the Java Heap base and to place the Java Heap above 32GB virtual address.
# This output file may be truncated or incomplete.
#
#  Out of Memory Error (os_windows.cpp:3769), pid=18080, tid=27060
#
# JRE version:  (17.0.6) (build )
# Java VM: OpenJDK 64-Bit Server VM (17.0.6+0-b2043.56-10027231, mixed mode, sharing, tiered, compressed oops, compressed class ptrs, g1 gc, windows-amd64)
# No core dump will be written. Minidumps are not enabled by default on client versions of Windows
#

---------------  S U M M A R Y ------------

Command Line: -Dorg.gradle.appname=gradlew org.gradle.wrapper.GradleWrapperMain -q -Ptarget-platform=android-x64 -Ptarget=D:\Programs\taco_bell_managment\lib\main.dart -Pbase-application-name=android.app.Application -Pdart-defines=RkxVVFRFUl9XRUJfQVVUT19ERVRFQ1Q9dHJ1ZQ==,RkxVVFRFUl9XRUJfQ0FOVkFTS0lUX1VSTD1odHRwczovL3d3dy5nc3RhdGljLmNvbS9mbHV0dGVyLWNhbnZhc2tpdC9mNDBlOTc2YmVkZmY1N2U2OWUxYjNkODlhN2MyYTNjNjE3YTAzZGFkLw== -Pdart-obfuscation=false -Ptrack-widget-creation=true -Ptree-shake-icons=false -Pfilesystem-scheme=org-dartlang-root assembleDebug

Host: AMD Ryzen 7 5700                               , 16 cores, 15G,  Windows 11 , 64 bit Build 22621 (10.0.22621.2506)
Time: Fri Feb 16 07:13:21 2024 Central Standard Time elapsed time: 0.131714 seconds (0d 0h 0m 0s)

---------------  T H R E A D  ---------------

Current thread (0x00000126a172e260):  JavaThread "Unknown thread" [_thread_in_vm, id=27060, stack(0x00000007fdb00000,0x00000007fdc00000)]

Stack: [0x00000007fdb00000,0x00000007fdc00000]
Native frames: (J=compiled Java code, j=interpreted, Vv=VM code, C=native code)
V  [jvm.dll+0x683c9a]
V  [jvm.dll+0x8427a4]
V  [jvm.dll+0x843f9e]
V  [jvm.dll+0x844603]
V  [jvm.dll+0x249b75]
V  [jvm.dll+0x680b69]
V  [jvm.dll+0x67505a]
V  [jvm.dll+0x309acb]
V  [jvm.dll+0x310f86]
V  [jvm.dll+0x3608ee]
V  [jvm.dll+0x360b1f]
V  [jvm.dll+0x2dfbf8]
V  [jvm.dll+0x2e0b64]
V  [jvm.dll+0x814091]
V  [jvm.dll+0x36e6a1]
V  [jvm.dll+0x7f35cc]
V  [jvm.dll+0x3f0e8f]
V  [jvm.dll+0x3f29d1]
C  [jli.dll+0x526b]
C  [ucrtbase.dll+0x29363]
C  [KERNEL32.DLL+0x1257d]
C  [ntdll.dll+0x5aa58]


---------------  P R O C E S S  ---------------

Threads class SMR info:
_java_thread_list=0x00007fffa115c058, length=0, elements={
}

Java Threads: ( => current thread )

Other Threads:
  0x00000126a386eee0 GCTaskThread "GC Thread#0" [stack: 0x00000007fdc00000,0x00000007fdd00000] [id=4720]
  0x00000126a387fc70 ConcurrentGCThread "G1 Main Marker" [stack: 0x00000007fdd00000,0x00000007fde00000] [id=3848]
  0x00000126a3880e20 ConcurrentGCThread "G1 Conc#0" [stack: 0x00000007fde00000,0x00000007fdf00000] [id=11084]

[error occurred during error reporting (printing all threads), id 0xc0000005, EXCEPTION_ACCESS_VIOLATION (0xc0000005) at pc=0x00007fffa0910797]

VM state: not at safepoint (not fully initialized)

VM Mutex/Monitor currently owned by a thread:  ([mutex/lock_event])
[0x00000126a38006d0] Heap_lock - owner thread: 0x00000126a172e260

Heap address: 0x00000004d6600000, size: 4070 MB, Compressed Oops mode: Zero based, Oop shift amount: 3

CDS archive(s) mapped at: [0x0000000000000000-0x0000000000000000-0x0000000000000000), size 0, SharedBaseAddress: 0x0000000800000000, ArchiveRelocationMode: 0.
Narrow klass base: 0x0000000000000000, Narrow klass shift: 0, Narrow klass range: 0x0

GC Precious Log:
<Empty>

Heap:
 garbage-first heap   total 0K, used 0K [0x00000004d6600000, 0x00000005d4c00000)
  region size 2048K, 0 young (0K), 0 survivors (0K)

[error occurred during error reporting (printing heap information), id 0xc0000005, EXCEPTION_ACCESS_VIOLATION (0xc0000005) at pc=0x00007fffa0cfda89]

GC Heap History (0 events):
No events

Dll operation events (1 events):
Event: 0.004 Loaded shared library D:\AndroidStudio\jbr\bin\java.dll

Deoptimization events (0 events):
No events

Classes unloaded (0 events):
No events

Classes redefined (0 events):
No events

Internal exceptions (0 events):
No events

VM Operations (0 events):
No events

Events (0 events):
No events


Dynamic libraries:
0x00007ff620060000 - 0x00007ff62006a000 	D:\AndroidStudio\jbr\bin\java.exe
0x00007ff829d90000 - 0x00007ff829fa7000 	C:\WINDOWS\SYSTEM32\ntdll.dll
0x00007ff828ce0000 - 0x00007ff828da4000 	C:\WINDOWS\System32\KERNEL32.DLL
0x00007ff827190000 - 0x00007ff827536000 	C:\WINDOWS\System32\KERNELBASE.dll
0x00007ff827540000 - 0x00007ff827651000 	C:\WINDOWS\System32\ucrtbase.dll
0x00007ffffe3b0000 - 0x00007ffffe3c7000 	D:\AndroidStudio\jbr\bin\jli.dll
0x00007ffff4c90000 - 0x00007ffff4cab000 	D:\AndroidStudio\jbr\bin\VCRUNTIME140.dll
0x00007ff828440000 - 0x00007ff8285ee000 	C:\WINDOWS\System32\USER32.dll
0x00007ff8178e0000 - 0x00007ff817b73000 	C:\WINDOWS\WinSxS\amd64_microsoft.windows.common-controls_6595b64144ccf1df_6.0.22621.2506_none_270c5ae97388e100\COMCTL32.dll
0x00007ff827a80000 - 0x00007ff827aa6000 	C:\WINDOWS\System32\win32u.dll
0x00007ff829440000 - 0x00007ff8294e7000 	C:\WINDOWS\System32\msvcrt.dll
0x00007ff8292d0000 - 0x00007ff8292f9000 	C:\WINDOWS\System32\GDI32.dll
0x00007ff8278e0000 - 0x00007ff8279f8000 	C:\WINDOWS\System32\gdi32full.dll
0x00007ff827660000 - 0x00007ff8276fa000 	C:\WINDOWS\System32\msvcp_win.dll
0x00007ff828ec0000 - 0x00007ff828ef1000 	C:\WINDOWS\System32\IMM32.DLL
0x00007ffff93b0000 - 0x00007ffff93bc000 	D:\AndroidStudio\jbr\bin\vcruntime140_1.dll
0x00007ffff0120000 - 0x00007ffff01ad000 	D:\AndroidStudio\jbr\bin\msvcp140.dll
0x00007fffa0620000 - 0x00007fffa128e000 	D:\AndroidStudio\jbr\bin\server\jvm.dll
0x00007ff829210000 - 0x00007ff8292c3000 	C:\WINDOWS\System32\ADVAPI32.dll
0x00007ff828f80000 - 0x00007ff829028000 	C:\WINDOWS\System32\sechost.dll
0x00007ff827ab0000 - 0x00007ff827ad8000 	C:\WINDOWS\System32\bcrypt.dll
0x00007ff8286b0000 - 0x00007ff8287c7000 	C:\WINDOWS\System32\RPCRT4.dll
0x00007ff81ed90000 - 0x00007ff81ed99000 	C:\WINDOWS\SYSTEM32\WSOCK32.dll
0x00007ff819ca0000 - 0x00007ff819cd4000 	C:\WINDOWS\SYSTEM32\WINMM.dll
0x00007ff81c980000 - 0x00007ff81c98a000 	C:\WINDOWS\SYSTEM32\VERSION.dll
0x00007ff828f00000 - 0x00007ff828f71000 	C:\WINDOWS\System32\WS2_32.dll
0x00007ff8261b0000 - 0x00007ff8261c8000 	C:\WINDOWS\SYSTEM32\kernel.appcore.dll
0x00007ff816f80000 - 0x00007ff816f8a000 	D:\AndroidStudio\jbr\bin\jimage.dll
0x00007ff812860000 - 0x00007ff812a93000 	C:\WINDOWS\SYSTEM32\DBGHELP.DLL
0x00007ff827ae0000 - 0x00007ff827e69000 	C:\WINDOWS\System32\combase.dll
0x00007ff8290c0000 - 0x00007ff829197000 	C:\WINDOWS\System32\OLEAUT32.dll
0x00007ff802de0000 - 0x00007ff802e12000 	C:\WINDOWS\SYSTEM32\dbgcore.DLL
0x00007ff827a00000 - 0x00007ff827a7a000 	C:\WINDOWS\System32\bcryptPrimitives.dll
0x00007ffffea60000 - 0x00007ffffea85000 	D:\AndroidStudio\jbr\bin\java.dll

dbghelp: loaded successfully - version: 4.0.5 - missing functions: none
symbol engine: initialized successfully - sym options: 0x614 - pdb path: .;D:\AndroidStudio\jbr\bin;C:\WINDOWS\SYSTEM32;C:\WINDOWS\WinSxS\amd64_microsoft.windows.common-controls_6595b64144ccf1df_6.0.22621.2506_none_270c5ae97388e100;D:\AndroidStudio\jbr\bin\server

VM Arguments:
jvm_args: -Dorg.gradle.appname=gradlew 
java_command: org.gradle.wrapper.GradleWrapperMain -q -Ptarget-platform=android-x64 -Ptarget=D:\Programs\taco_bell_managment\lib\main.dart -Pbase-application-name=android.app.Application -Pdart-defines=RkxVVFRFUl9XRUJfQVVUT19ERVRFQ1Q9dHJ1ZQ==,RkxVVFRFUl9XRUJfQ0FOVkFTS0lUX1VSTD1odHRwczovL3d3dy5nc3RhdGljLmNvbS9mbHV0dGVyLWNhbnZhc2tpdC9mNDBlOTc2YmVkZmY1N2U2OWUxYjNkODlhN2MyYTNjNjE3YTAzZGFkLw== -Pdart-obfuscation=false -Ptrack-widget-creation=true -Ptree-shake-icons=false -Pfilesystem-scheme=org-dartlang-root assembleDebug
java_class_path (initial): D:\Programs\taco_bell_managment\android\\gradle\wrapper\gradle-wrapper.jar
Launcher Type: SUN_STANDARD

[Global flags]
     intx CICompilerCount                          = 12                                        {product} {ergonomic}
     uint ConcGCThreads                            = 3                                         {product} {ergonomic}
     uint G1ConcRefinementThreads                  = 13                                        {product} {ergonomic}
   size_t G1HeapRegionSize                         = 2097152                                   {product} {ergonomic}
    uintx GCDrainStackTargetSize                   = 64                                        {product} {ergonomic}
   size_t InitialHeapSize                          = 268435456                                 {product} {ergonomic}
   size_t MarkStackSize                            = 4194304                                   {product} {ergonomic}
   size_t MaxHeapSize                              = 4267704320                                {product} {ergonomic}
   size_t MinHeapDeltaBytes                        = 2097152                                   {product} {ergonomic}
   size_t MinHeapSize                              = 8388608                                   {product} {ergonomic}
    uintx NonNMethodCodeHeapSize                   = 7602480                                {pd product} {ergonomic}
    uintx NonProfiledCodeHeapSize                  = 122027880                              {pd product} {ergonomic}
    uintx ProfiledCodeHeapSize                     = 122027880                              {pd product} {ergonomic}
    uintx ReservedCodeCacheSize                    = 251658240                              {pd product} {ergonomic}
     bool SegmentedCodeCache                       = true                                      {product} {ergonomic}
   size_t SoftMaxHeapSize                          = 4267704320                             {manageable} {ergonomic}
     bool UseCompressedClassPointers               = true                           {product lp64_product} {ergonomic}
     bool UseCompressedOops                        = true                           {product lp64_product} {ergonomic}
     bool UseG1GC                                  = true                                      {product} {ergonomic}
     bool UseLargePagesIndividualAllocation        = false                                  {pd product} {ergonomic}

Logging:
Log output configuration:
 #0: stdout all=warning uptime,level,tags
 #1: stderr all=off uptime,level,tags

Environment Variables:
JAVA_HOME=D:\AndroidStudio\jbr
CLASSPATH=D:\Programs\taco_bell_managment\android\\gradle\wrapper\gradle-wrapper.jar
PATH=D:\AndroidStudio\jbr\bin;C:\Python312\Scripts\;C:\Python312\;C:\Program Files\Common Files\Oracle\Java\javapath;C:\Program Files\Microsoft\jdk-11.0.16.101-hotspot\bin;C:\Windows\system32;C:\Windows;C:\Windows\System32\Wbem;C:\Windows\System32\WindowsPowerShell\v1.0\;C:\Windows\System32\OpenSSH\;C:\Program Files (x86)\NVIDIA Corporation\PhysX\Common;C:\Program Files\NVIDIA Corporation\NVIDIA NvDLISR;C:\WINDOWS\system32;C:\WINDOWS;C:\WINDOWS\System32\Wbem;C:\WINDOWS\System32\WindowsPowerShell\v1.0\;C:\WINDOWS\System32\OpenSSH\;C:\Program Files\Microsoft SQL Server\150\Tools\Binn\;C:\Program Files\Microsoft SQL Server\Client SDK\ODBC\170\Tools\Binn\;C:\Program Files\dotnet\;C:\Program Files\PuTTY\;C:\msys64\mingw64\bin;C:\MinGW\bin;C:\Program Files\Git\cmd;D:\node\;C:\ProgramData\chocolatey\bin;C:\Users\15416\AppData\Local\Microsoft\WindowsApps;C:\Users\15416\AppData\Local\atom\bin;C:\Users\15416\AppData\Local\GitHubDesktop\bin;C:\Users\15416\.dotnet\tools;D:\Microsoft VS Code\bin;C:\Users\15416\AppData\Roaming\npm
USERNAME=15416
OS=Windows_NT
PROCESSOR_IDENTIFIER=AMD64 Family 25 Model 80 Stepping 0, AuthenticAMD
TMP=C:\Users\15416\AppData\Local\Temp
TEMP=C:\Users\15416\AppData\Local\Temp


JNI global refs:

[error occurred during error reporting (JNI global references), id 0xc0000005, EXCEPTION_ACCESS_VIOLATION (0xc0000005) at pc=0x00007fffa06d7a10]


---------------  S Y S T E M  ---------------

OS:
 Windows 11 , 64 bit Build 22621 (10.0.22621.2506)
OS uptime: 0 days 19:30 hours
Hyper-V role detected

CPU: total 16 (initial active 16) (16 cores per cpu, 2 threads per core) family 25 model 80 stepping 0 microcode 0x0, cx8, cmov, fxsr, ht, mmx, 3dnowpref, sse, sse2, sse3, ssse3, sse4a, sse4.1, sse4.2, popcnt, lzcnt, tsc, tscinvbit, avx, avx2, aes, erms, clmul, bmi1, bmi2, adx, sha, fma, vzeroupper, clflush, clflushopt, hv

Memory: 4k page, system-wide physical 16277M (2095M free)
TotalPageFile size 37622M (AvailPageFile size 255M)
current process WorkingSet (physical memory assigned to process): 11M, peak: 11M
current process commit charge ("private bytes"): 70M, peak: 326M

vm_info: OpenJDK 64-Bit Server VM (17.0.6+0-b2043.56-10027231) for windows-amd64 JRE (17.0.6+0-b2043.56-10027231), built on Apr 28 2023 00:43:19 by "androidbuild" with MS VC++ 16.10 / 16.11 (VS2019)

END.
